2021-10-06 03:57:07.191877: I tensorflow/stream_executor/platform/default/dso_loader.cc:49] Successfully opened dynamic library libcudart.so.10.1
/home/dm1/shikhar_backup/shikhar/CCMCL/Code/run_compositional_buffer_FashionMNIST.py:32: DeprecationWarning: `np.float` is a deprecated alias for the builtin `float`. To silence this warning, use `float` by itself. Doing this will not modify any behavior and is safe. If you specifically wanted the numpy scalar type, use `np.float64` here.
Deprecated in NumPy 1.20; for more details and guidance: https://numpy.org/devdocs/release/1.20.0-notes.html#deprecations
  res_loss = np.zeros((RUNS, len(BUFFER_SIZES)), dtype=np.float)
/home/dm1/shikhar_backup/shikhar/CCMCL/Code/run_compositional_buffer_FashionMNIST.py:33: DeprecationWarning: `np.float` is a deprecated alias for the builtin `float`. To silence this warning, use `float` by itself. Doing this will not modify any behavior and is safe. If you specifically wanted the numpy scalar type, use `np.float64` here.
Deprecated in NumPy 1.20; for more details and guidance: https://numpy.org/devdocs/release/1.20.0-notes.html#deprecations
  res_acc = np.zeros((RUNS, len(BUFFER_SIZES)), dtype=np.float)
2021-10-06 03:59:24.817074: I tensorflow/compiler/jit/xla_cpu_device.cc:41] Not creating XLA devices, tf_xla_enable_xla_devices not set
2021-10-06 03:59:24.821386: I tensorflow/stream_executor/platform/default/dso_loader.cc:49] Successfully opened dynamic library libcuda.so.1
2021-10-06 03:59:24.970793: I tensorflow/core/common_runtime/gpu/gpu_device.cc:1720] Found device 0 with properties: 
pciBusID: 0000:06:00.0 name: Tesla V100-SXM2-32GB computeCapability: 7.0
coreClock: 1.53GHz coreCount: 80 deviceMemorySize: 31.75GiB deviceMemoryBandwidth: 836.37GiB/s
2021-10-06 03:59:24.970845: I tensorflow/stream_executor/platform/default/dso_loader.cc:49] Successfully opened dynamic library libcudart.so.10.1
2021-10-06 03:59:25.521010: I tensorflow/stream_executor/platform/default/dso_loader.cc:49] Successfully opened dynamic library libcublas.so.10
2021-10-06 03:59:25.521137: I tensorflow/stream_executor/platform/default/dso_loader.cc:49] Successfully opened dynamic library libcublasLt.so.10
2021-10-06 03:59:25.788818: I tensorflow/stream_executor/platform/default/dso_loader.cc:49] Successfully opened dynamic library libcufft.so.10
2021-10-06 03:59:26.195647: I tensorflow/stream_executor/platform/default/dso_loader.cc:49] Successfully opened dynamic library libcurand.so.10
2021-10-06 03:59:26.552892: I tensorflow/stream_executor/platform/default/dso_loader.cc:49] Successfully opened dynamic library libcusolver.so.10
2021-10-06 03:59:26.900304: I tensorflow/stream_executor/platform/default/dso_loader.cc:49] Successfully opened dynamic library libcusparse.so.10
2021-10-06 03:59:27.176792: I tensorflow/stream_executor/platform/default/dso_loader.cc:49] Successfully opened dynamic library libcudnn.so.7
2021-10-06 03:59:27.182771: I tensorflow/core/common_runtime/gpu/gpu_device.cc:1862] Adding visible gpu devices: 0
2021-10-06 03:59:27.183266: I tensorflow/core/platform/cpu_feature_guard.cc:142] This TensorFlow binary is optimized with oneAPI Deep Neural Network Library (oneDNN) to use the following CPU instructions in performance-critical operations:  SSE4.1 SSE4.2 AVX AVX2 FMA
To enable them in other operations, rebuild TensorFlow with the appropriate compiler flags.
2021-10-06 03:59:27.187562: I tensorflow/core/common_runtime/gpu/gpu_device.cc:1720] Found device 0 with properties: 
pciBusID: 0000:06:00.0 name: Tesla V100-SXM2-32GB computeCapability: 7.0
coreClock: 1.53GHz coreCount: 80 deviceMemorySize: 31.75GiB deviceMemoryBandwidth: 836.37GiB/s
2021-10-06 03:59:27.187592: I tensorflow/stream_executor/platform/default/dso_loader.cc:49] Successfully opened dynamic library libcudart.so.10.1
2021-10-06 03:59:27.187621: I tensorflow/stream_executor/platform/default/dso_loader.cc:49] Successfully opened dynamic library libcublas.so.10
2021-10-06 03:59:27.187635: I tensorflow/stream_executor/platform/default/dso_loader.cc:49] Successfully opened dynamic library libcublasLt.so.10
2021-10-06 03:59:27.187653: I tensorflow/stream_executor/platform/default/dso_loader.cc:49] Successfully opened dynamic library libcufft.so.10
2021-10-06 03:59:27.187666: I tensorflow/stream_executor/platform/default/dso_loader.cc:49] Successfully opened dynamic library libcurand.so.10
2021-10-06 03:59:27.187679: I tensorflow/stream_executor/platform/default/dso_loader.cc:49] Successfully opened dynamic library libcusolver.so.10
2021-10-06 03:59:27.187691: I tensorflow/stream_executor/platform/default/dso_loader.cc:49] Successfully opened dynamic library libcusparse.so.10
2021-10-06 03:59:27.187704: I tensorflow/stream_executor/platform/default/dso_loader.cc:49] Successfully opened dynamic library libcudnn.so.7
2021-10-06 03:59:27.192939: I tensorflow/core/common_runtime/gpu/gpu_device.cc:1862] Adding visible gpu devices: 0
2021-10-06 03:59:27.192979: I tensorflow/stream_executor/platform/default/dso_loader.cc:49] Successfully opened dynamic library libcudart.so.10.1
2021-10-06 03:59:30.517564: I tensorflow/core/common_runtime/gpu/gpu_device.cc:1261] Device interconnect StreamExecutor with strength 1 edge matrix:
2021-10-06 03:59:30.518602: I tensorflow/core/common_runtime/gpu/gpu_device.cc:1267]      0 
2021-10-06 03:59:30.518634: I tensorflow/core/common_runtime/gpu/gpu_device.cc:1280] 0:   N 
2021-10-06 03:59:30.533877: I tensorflow/core/common_runtime/gpu/gpu_device.cc:1406] Created TensorFlow device (/job:localhost/replica:0/task:0/device:GPU:0 with 30130 MB memory) -> physical GPU (device: 0, name: Tesla V100-SXM2-32GB, pci bus id: 0000:06:00.0, compute capability: 7.0)
2021-10-06 03:59:30.534480: I tensorflow/compiler/jit/xla_gpu_device.cc:99] Not creating XLA devices, tf_xla_enable_xla_devices not set
WARNING:tensorflow:AutoGraph could not transform <bound method GroupNormalization.call of <tensorflow_addons.layers.normalizations.InstanceNormalization object at 0x7f8d4afe7a60>> and will run it as-is.
Please report this to the TensorFlow team. When filing the bug, set the verbosity to 10 (on Linux, `export AUTOGRAPH_VERBOSITY=10`) and attach the full output.
Cause: module 'gast' has no attribute 'Index'
To silence this warning, decorate the function with @tf.autograph.experimental.do_not_convert
$#$@#$@#$!RUNNING$@#$@#$$
WARNING:tensorflow:AutoGraph could not transform <function standardize at 0x7f8d4bf89310> and will run it as-is.
Please report this to the TensorFlow team. When filing the bug, set the verbosity to 10 (on Linux, `export AUTOGRAPH_VERBOSITY=10`) and attach the full output.
Cause: module 'gast' has no attribute 'Index'
To silence this warning, decorate the function with @tf.autograph.experimental.do_not_convert
WARNING:tensorflow:AutoGraph could not transform <function standardize at 0x7f8d4bf89310> and will run it as-is.
Please report this to the TensorFlow team. When filing the bug, set the verbosity to 10 (on Linux, `export AUTOGRAPH_VERBOSITY=10`) and attach the full output.
Cause: module 'gast' has no attribute 'Index'
To silence this warning, decorate the function with @tf.autograph.experimental.do_not_convert
WARNING:tensorflow:AutoGraph could not transform <bound method DataSet.filter_fn of <datasets.SplitFashionMNIST object at 0x7f8d48113a30>> and will run it as-is.
Please report this to the TensorFlow team. When filing the bug, set the verbosity to 10 (on Linux, `export AUTOGRAPH_VERBOSITY=10`) and attach the full output.
Cause: module 'gast' has no attribute 'Index'
To silence this warning, decorate the function with @tf.autograph.experimental.do_not_convert
WARNING:tensorflow:AutoGraph could not transform <bound method DataSet.filter_fn of <datasets.SplitFashionMNIST object at 0x7f8d48113a30>> and will run it as-is.
Please report this to the TensorFlow team. When filing the bug, set the verbosity to 10 (on Linux, `export AUTOGRAPH_VERBOSITY=10`) and attach the full output.
Cause: module 'gast' has no attribute 'Index'
To silence this warning, decorate the function with @tf.autograph.experimental.do_not_convert
2021-10-06 03:59:31.948494: I tensorflow/compiler/mlir/mlir_graph_optimization_pass.cc:116] None of the MLIR optimization passes are enabled (registered 2)
2021-10-06 03:59:31.950439: I tensorflow/core/platform/profile_utils/cpu_utils.cc:112] CPU Frequency: 2195070000 Hz
2021-10-06 03:59:38.507412: I tensorflow/stream_executor/platform/default/dso_loader.cc:49] Successfully opened dynamic library libcublas.so.10
2021-10-06 03:59:38.985931: I tensorflow/stream_executor/platform/default/dso_loader.cc:49] Successfully opened dynamic library libcudnn.so.7
2021-10-06 03:59:42.005608: W tensorflow/stream_executor/gpu/asm_compiler.cc:63] Running ptxas --version returned 256
2021-10-06 03:59:42.169575: W tensorflow/stream_executor/gpu/redzone_allocator.cc:314] Internal: ptxas exited with non-zero error code 256, output: 
Relying on driver to perform ptx compilation. 
Modify $PATH to customize ptxas location.
This message will be only logged once.
Distilling classes (0, 1)..
Compressing class 0 down to 20 weights and 10 components...
Compressing class 1 down to 20 weights and 10 components...
+======================================+
| Summary                              |
+======================================+
| Class 0: 20 Instances 10 components
| Class 1: 20 Instances 10 components
+--------------------------------------+
Task: 0 Iter: 0 Train Loss: 2.71 Val Loss: 3.31 Val Accuracy: 0.159
Task: 0 Iter: 10 Train Loss: 0.174 Val Loss: 3.98 Val Accuracy: 0.187
Task: 0 Iter: 20 Train Loss: 0.0522 Val Loss: 4.22 Val Accuracy: 0.188
Task: 0 Iter: 30 Train Loss: 0.0337 Val Loss: 4.37 Val Accuracy: 0.188
Task: 0 Iter: 40 Train Loss: 0.0234 Val Loss: 4.49 Val Accuracy: 0.19
Task: 0 Iter: 50 Train Loss: 0.019 Val Loss: 4.57 Val Accuracy: 0.19
Task: 0 Iter: 60 Train Loss: 0.0157 Val Loss: 4.64 Val Accuracy: 0.19
Task: 0 Iter: 70 Train Loss: 0.0128 Val Loss: 4.7 Val Accuracy: 0.19
Task: 0 Iter: 80 Train Loss: 0.0109 Val Loss: 4.75 Val Accuracy: 0.19
Task: 0 Iter: 90 Train Loss: 0.00914 Val Loss: 4.8 Val Accuracy: 0.19
Task: 0 Iter: 100 Train Loss: 0.00853 Val Loss: 4.84 Val Accuracy: 0.19
Task: 0 Iter: 110 Train Loss: 0.00766 Val Loss: 4.88 Val Accuracy: 0.19
Task: 0 Iter: 120 Train Loss: 0.00696 Val Loss: 4.92 Val Accuracy: 0.19
Task: 0 Iter: 130 Train Loss: 0.00642 Val Loss: 4.96 Val Accuracy: 0.191
Task: 0 Iter: 140 Train Loss: 0.0057 Val Loss: 4.98 Val Accuracy: 0.19
Task: 0 Iter: 150 Train Loss: 0.00559 Val Loss: 5.01 Val Accuracy: 0.191
Task: 0 Iter: 160 Train Loss: 0.00518 Val Loss: 5.04 Val Accuracy: 0.191
Task: 0 Iter: 170 Train Loss: 0.00504 Val Loss: 5.06 Val Accuracy: 0.191
Task: 0 Iter: 180 Train Loss: 0.00458 Val Loss: 5.09 Val Accuracy: 0.191
Task: 0 Iter: 190 Train Loss: 0.00418 Val Loss: 5.11 Val Accuracy: 0.191
Task: 0 Iter: 200 Train Loss: 0.00417 Val Loss: 5.13 Val Accuracy: 0.191
Task: 0 Iter: 210 Train Loss: 0.00368 Val Loss: 5.15 Val Accuracy: 0.191
Task: 0 Iter: 220 Train Loss: 0.00358 Val Loss: 5.17 Val Accuracy: 0.191
Task: 0 Iter: 230 Train Loss: 0.00347 Val Loss: 5.18 Val Accuracy: 0.191
Task: 0 Iter: 240 Train Loss: 0.00343 Val Loss: 5.21 Val Accuracy: 0.191
Task: 0 Iter: 250 Train Loss: 0.00318 Val Loss: 5.23 Val Accuracy: 0.191
Task: 0 Iter: 260 Train Loss: 0.00313 Val Loss: 5.24 Val Accuracy: 0.191
Task: 0 Iter: 270 Train Loss: 0.00303 Val Loss: 5.26 Val Accuracy: 0.191
Task: 0 Iter: 280 Train Loss: 0.00275 Val Loss: 5.27 Val Accuracy: 0.191
Task: 0 Iter: 290 Train Loss: 0.00283 Val Loss: 5.29 Val Accuracy: 0.191
Task: 0 Iter: 300 Train Loss: 0.00269 Val Loss: 5.3 Val Accuracy: 0.191
Task: 0 Iter: 310 Train Loss: 0.00247 Val Loss: 5.32 Val Accuracy: 0.191
Task: 0 Iter: 320 Train Loss: 0.00244 Val Loss: 5.33 Val Accuracy: 0.191
Task: 0 Iter: 330 Train Loss: 0.00237 Val Loss: 5.34 Val Accuracy: 0.191
Task: 0 Iter: 340 Train Loss: 0.00231 Val Loss: 5.36 Val Accuracy: 0.191
Task: 0 Iter: 350 Train Loss: 0.00222 Val Loss: 5.37 Val Accuracy: 0.191
Task: 0 Iter: 360 Train Loss: 0.0022 Val Loss: 5.39 Val Accuracy: 0.191
Task: 0 Iter: 370 Train Loss: 0.00207 Val Loss: 5.4 Val Accuracy: 0.191
Task: 0 Iter: 380 Train Loss: 0.00197 Val Loss: 5.41 Val Accuracy: 0.191
Task: 0 Iter: 390 Train Loss: 0.00197 Val Loss: 5.43 Val Accuracy: 0.191
Task: 0 Iter: 400 Train Loss: 0.00193 Val Loss: 5.44 Val Accuracy: 0.191
Task: 0 Iter: 410 Train Loss: 0.00178 Val Loss: 5.45 Val Accuracy: 0.191
Task: 0 Iter: 420 Train Loss: 0.00181 Val Loss: 5.46 Val Accuracy: 0.191
Task: 0 Iter: 430 Train Loss: 0.00176 Val Loss: 5.47 Val Accuracy: 0.191
Task: 0 Iter: 440 Train Loss: 0.00176 Val Loss: 5.48 Val Accuracy: 0.191
Task: 0 Iter: 450 Train Loss: 0.0017 Val Loss: 5.49 Val Accuracy: 0.191
Task: 0 Iter: 460 Train Loss: 0.00165 Val Loss: 5.5 Val Accuracy: 0.191
Task: 0 Iter: 470 Train Loss: 0.00166 Val Loss: 5.51 Val Accuracy: 0.191
Task: 0 Iter: 480 Train Loss: 0.00159 Val Loss: 5.52 Val Accuracy: 0.191
Task: 0 Iter: 490 Train Loss: 0.00155 Val Loss: 5.53 Val Accuracy: 0.191
Distilling classes (2, 3)..
Compressing class 2 down to 20 weights and 10 components...
Compressing class 3 down to 20 weights and 10 components...
+======================================+
| Summary                              |
+======================================+
| Class 0: 20 Instances 10 components
| Class 1: 20 Instances 10 components
| Class 2: 20 Instances 10 components
| Class 3: 20 Instances 10 components
+--------------------------------------+
Task: 1 Iter: 0 Train Loss: 2.47 Val Loss: 2.37 Val Accuracy: 0.213
Task: 1 Iter: 10 Train Loss: 0.765 Val Loss: 2.69 Val Accuracy: 0.367
Task: 1 Iter: 20 Train Loss: 0.347 Val Loss: 2.85 Val Accuracy: 0.373
Task: 1 Iter: 30 Train Loss: 0.225 Val Loss: 2.95 Val Accuracy: 0.374
Task: 1 Iter: 40 Train Loss: 0.162 Val Loss: 3.01 Val Accuracy: 0.374
Task: 1 Iter: 50 Train Loss: 0.129 Val Loss: 3.09 Val Accuracy: 0.374
Task: 1 Iter: 60 Train Loss: 0.107 Val Loss: 3.13 Val Accuracy: 0.376
Task: 1 Iter: 70 Train Loss: 0.0854 Val Loss: 3.18 Val Accuracy: 0.376
Task: 1 Iter: 80 Train Loss: 0.0748 Val Loss: 3.22 Val Accuracy: 0.377
Task: 1 Iter: 90 Train Loss: 0.0641 Val Loss: 3.25 Val Accuracy: 0.377
Task: 1 Iter: 100 Train Loss: 0.0604 Val Loss: 3.29 Val Accuracy: 0.377
Task: 1 Iter: 110 Train Loss: 0.0543 Val Loss: 3.31 Val Accuracy: 0.377
Task: 1 Iter: 120 Train Loss: 0.0479 Val Loss: 3.35 Val Accuracy: 0.377
Task: 1 Iter: 130 Train Loss: 0.0416 Val Loss: 3.38 Val Accuracy: 0.377
Task: 1 Iter: 140 Train Loss: 0.0381 Val Loss: 3.39 Val Accuracy: 0.377
Task: 1 Iter: 150 Train Loss: 0.0367 Val Loss: 3.42 Val Accuracy: 0.377
Task: 1 Iter: 160 Train Loss: 0.0337 Val Loss: 3.46 Val Accuracy: 0.377
Task: 1 Iter: 170 Train Loss: 0.0306 Val Loss: 3.47 Val Accuracy: 0.377
Task: 1 Iter: 180 Train Loss: 0.0281 Val Loss: 3.49 Val Accuracy: 0.377
Task: 1 Iter: 190 Train Loss: 0.0268 Val Loss: 3.51 Val Accuracy: 0.377
Task: 1 Iter: 200 Train Loss: 0.0259 Val Loss: 3.53 Val Accuracy: 0.377
Task: 1 Iter: 210 Train Loss: 0.024 Val Loss: 3.54 Val Accuracy: 0.377
Task: 1 Iter: 220 Train Loss: 0.023 Val Loss: 3.56 Val Accuracy: 0.377
Task: 1 Iter: 230 Train Loss: 0.0224 Val Loss: 3.58 Val Accuracy: 0.377
Task: 1 Iter: 240 Train Loss: 0.0202 Val Loss: 3.58 Val Accuracy: 0.377
Task: 1 Iter: 250 Train Loss: 0.0195 Val Loss: 3.6 Val Accuracy: 0.377
Task: 1 Iter: 260 Train Loss: 0.019 Val Loss: 3.61 Val Accuracy: 0.377
Task: 1 Iter: 270 Train Loss: 0.0177 Val Loss: 3.62 Val Accuracy: 0.376
Task: 1 Iter: 280 Train Loss: 0.0177 Val Loss: 3.64 Val Accuracy: 0.377
Task: 1 Iter: 290 Train Loss: 0.0171 Val Loss: 3.66 Val Accuracy: 0.377
Task: 1 Iter: 300 Train Loss: 0.0163 Val Loss: 3.66 Val Accuracy: 0.377
Task: 1 Iter: 310 Train Loss: 0.0158 Val Loss: 3.67 Val Accuracy: 0.377
Task: 1 Iter: 320 Train Loss: 0.0142 Val Loss: 3.69 Val Accuracy: 0.377
Task: 1 Iter: 330 Train Loss: 0.0142 Val Loss: 3.69 Val Accuracy: 0.377
Task: 1 Iter: 340 Train Loss: 0.0139 Val Loss: 3.7 Val Accuracy: 0.377
Task: 1 Iter: 350 Train Loss: 0.0128 Val Loss: 3.72 Val Accuracy: 0.377
Task: 1 Iter: 360 Train Loss: 0.0129 Val Loss: 3.72 Val Accuracy: 0.377
Task: 1 Iter: 370 Train Loss: 0.0126 Val Loss: 3.73 Val Accuracy: 0.377
Task: 1 Iter: 380 Train Loss: 0.0122 Val Loss: 3.74 Val Accuracy: 0.377
Task: 1 Iter: 390 Train Loss: 0.0113 Val Loss: 3.76 Val Accuracy: 0.377
Task: 1 Iter: 400 Train Loss: 0.0114 Val Loss: 3.77 Val Accuracy: 0.377
Task: 1 Iter: 410 Train Loss: 0.0109 Val Loss: 3.78 Val Accuracy: 0.377
Task: 1 Iter: 420 Train Loss: 0.0105 Val Loss: 3.78 Val Accuracy: 0.377
Task: 1 Iter: 430 Train Loss: 0.0104 Val Loss: 3.78 Val Accuracy: 0.377
Task: 1 Iter: 440 Train Loss: 0.0103 Val Loss: 3.79 Val Accuracy: 0.377
Task: 1 Iter: 450 Train Loss: 0.00956 Val Loss: 3.8 Val Accuracy: 0.377
Task: 1 Iter: 460 Train Loss: 0.00995 Val Loss: 3.81 Val Accuracy: 0.377
Task: 1 Iter: 470 Train Loss: 0.00957 Val Loss: 3.81 Val Accuracy: 0.377
Task: 1 Iter: 480 Train Loss: 0.00931 Val Loss: 3.82 Val Accuracy: 0.377
Task: 1 Iter: 490 Train Loss: 0.00922 Val Loss: 3.82 Val Accuracy: 0.377
Distilling classes ()..
+======================================+
| Summary                              |
+======================================+
| Class 0: 20 Instances 10 components
| Class 1: 20 Instances 10 components
| Class 2: 20 Instances 10 components
| Class 3: 20 Instances 10 components
+--------------------------------------+
Task: 2 Iter: 0 Train Loss: 2.96 Val Loss: 2.56 Val Accuracy: 0.17
Task: 2 Iter: 10 Train Loss: 0.803 Val Loss: 2.78 Val Accuracy: 0.368
Task: 2 Iter: 20 Train Loss: 0.333 Val Loss: 2.94 Val Accuracy: 0.373
Task: 2 Iter: 30 Train Loss: 0.223 Val Loss: 3.08 Val Accuracy: 0.373
Task: 2 Iter: 40 Train Loss: 0.157 Val Loss: 3.17 Val Accuracy: 0.373
Task: 2 Iter: 50 Train Loss: 0.126 Val Loss: 3.25 Val Accuracy: 0.374
Task: 2 Iter: 60 Train Loss: 0.1 Val Loss: 3.29 Val Accuracy: 0.374
Task: 2 Iter: 70 Train Loss: 0.0841 Val Loss: 3.34 Val Accuracy: 0.374
Task: 2 Iter: 80 Train Loss: 0.0722 Val Loss: 3.4 Val Accuracy: 0.374
Task: 2 Iter: 90 Train Loss: 0.0621 Val Loss: 3.44 Val Accuracy: 0.374
Task: 2 Iter: 100 Train Loss: 0.0581 Val Loss: 3.48 Val Accuracy: 0.374
Task: 2 Iter: 110 Train Loss: 0.0543 Val Loss: 3.5 Val Accuracy: 0.374
Task: 2 Iter: 120 Train Loss: 0.0476 Val Loss: 3.54 Val Accuracy: 0.374
Task: 2 Iter: 130 Train Loss: 0.0415 Val Loss: 3.57 Val Accuracy: 0.374
Task: 2 Iter: 140 Train Loss: 0.0381 Val Loss: 3.58 Val Accuracy: 0.374
Task: 2 Iter: 150 Train Loss: 0.0353 Val Loss: 3.6 Val Accuracy: 0.374
Task: 2 Iter: 160 Train Loss: 0.0327 Val Loss: 3.63 Val Accuracy: 0.374
Task: 2 Iter: 170 Train Loss: 0.0314 Val Loss: 3.63 Val Accuracy: 0.375
Task: 2 Iter: 180 Train Loss: 0.0279 Val Loss: 3.66 Val Accuracy: 0.375
Task: 2 Iter: 190 Train Loss: 0.0282 Val Loss: 3.68 Val Accuracy: 0.374
Task: 2 Iter: 200 Train Loss: 0.0262 Val Loss: 3.69 Val Accuracy: 0.375
Task: 2 Iter: 210 Train Loss: 0.0252 Val Loss: 3.71 Val Accuracy: 0.376
Task: 2 Iter: 220 Train Loss: 0.0235 Val Loss: 3.73 Val Accuracy: 0.375
Task: 2 Iter: 230 Train Loss: 0.0215 Val Loss: 3.74 Val Accuracy: 0.375
Task: 2 Iter: 240 Train Loss: 0.0202 Val Loss: 3.76 Val Accuracy: 0.375
Task: 2 Iter: 250 Train Loss: 0.0194 Val Loss: 3.78 Val Accuracy: 0.374
Task: 2 Iter: 260 Train Loss: 0.0196 Val Loss: 3.79 Val Accuracy: 0.374
Task: 2 Iter: 270 Train Loss: 0.0185 Val Loss: 3.8 Val Accuracy: 0.376
Task: 2 Iter: 280 Train Loss: 0.0172 Val Loss: 3.81 Val Accuracy: 0.374
Task: 2 Iter: 290 Train Loss: 0.0159 Val Loss: 3.82 Val Accuracy: 0.375
Task: 2 Iter: 300 Train Loss: 0.0161 Val Loss: 3.84 Val Accuracy: 0.375
Task: 2 Iter: 310 Train Loss: 0.0155 Val Loss: 3.84 Val Accuracy: 0.374
Task: 2 Iter: 320 Train Loss: 0.015 Val Loss: 3.85 Val Accuracy: 0.375
Task: 2 Iter: 330 Train Loss: 0.014 Val Loss: 3.86 Val Accuracy: 0.375
Task: 2 Iter: 340 Train Loss: 0.0141 Val Loss: 3.87 Val Accuracy: 0.376
Task: 2 Iter: 350 Train Loss: 0.0129 Val Loss: 3.89 Val Accuracy: 0.375
Task: 2 Iter: 360 Train Loss: 0.0135 Val Loss: 3.89 Val Accuracy: 0.375
Task: 2 Iter: 370 Train Loss: 0.0128 Val Loss: 3.9 Val Accuracy: 0.375
Task: 2 Iter: 380 Train Loss: 0.0123 Val Loss: 3.91 Val Accuracy: 0.375
Task: 2 Iter: 390 Train Loss: 0.0116 Val Loss: 3.92 Val Accuracy: 0.374
Task: 2 Iter: 400 Train Loss: 0.0121 Val Loss: 3.93 Val Accuracy: 0.375
Task: 2 Iter: 410 Train Loss: 0.011 Val Loss: 3.94 Val Accuracy: 0.375
Task: 2 Iter: 420 Train Loss: 0.0109 Val Loss: 3.94 Val Accuracy: 0.376
Task: 2 Iter: 430 Train Loss: 0.0105 Val Loss: 3.95 Val Accuracy: 0.375
Task: 2 Iter: 440 Train Loss: 0.0107 Val Loss: 3.96 Val Accuracy: 0.376
Task: 2 Iter: 450 Train Loss: 0.00975 Val Loss: 3.97 Val Accuracy: 0.375
Task: 2 Iter: 460 Train Loss: 0.00988 Val Loss: 3.97 Val Accuracy: 0.375
Task: 2 Iter: 470 Train Loss: 0.00954 Val Loss: 3.98 Val Accuracy: 0.375
Task: 2 Iter: 480 Train Loss: 0.00909 Val Loss: 3.98 Val Accuracy: 0.375
Task: 2 Iter: 490 Train Loss: 0.00952 Val Loss: 3.98 Val Accuracy: 0.375
Distilling classes ()..
+======================================+
| Summary                              |
+======================================+
| Class 0: 20 Instances 10 components
| Class 1: 20 Instances 10 components
| Class 2: 20 Instances 10 components
| Class 3: 20 Instances 10 components
+--------------------------------------+
Task: 3 Iter: 0 Train Loss: 2.69 Val Loss: 2.45 Val Accuracy: 0.152
Task: 3 Iter: 10 Train Loss: 0.68 Val Loss: 2.67 Val Accuracy: 0.367
Task: 3 Iter: 20 Train Loss: 0.305 Val Loss: 2.81 Val Accuracy: 0.37
Task: 3 Iter: 30 Train Loss: 0.199 Val Loss: 2.89 Val Accuracy: 0.372
Task: 3 Iter: 40 Train Loss: 0.148 Val Loss: 2.98 Val Accuracy: 0.37
Task: 3 Iter: 50 Train Loss: 0.117 Val Loss: 3.05 Val Accuracy: 0.37
Task: 3 Iter: 60 Train Loss: 0.0962 Val Loss: 3.1 Val Accuracy: 0.373
Task: 3 Iter: 70 Train Loss: 0.0805 Val Loss: 3.14 Val Accuracy: 0.373
Task: 3 Iter: 80 Train Loss: 0.0695 Val Loss: 3.18 Val Accuracy: 0.373
Task: 3 Iter: 90 Train Loss: 0.0593 Val Loss: 3.22 Val Accuracy: 0.374
Task: 3 Iter: 100 Train Loss: 0.0534 Val Loss: 3.25 Val Accuracy: 0.374
Task: 3 Iter: 110 Train Loss: 0.0465 Val Loss: 3.28 Val Accuracy: 0.373
Task: 3 Iter: 120 Train Loss: 0.0441 Val Loss: 3.3 Val Accuracy: 0.373
Task: 3 Iter: 130 Train Loss: 0.0412 Val Loss: 3.33 Val Accuracy: 0.374
Task: 3 Iter: 140 Train Loss: 0.0353 Val Loss: 3.35 Val Accuracy: 0.374
Task: 3 Iter: 150 Train Loss: 0.0338 Val Loss: 3.37 Val Accuracy: 0.374
Task: 3 Iter: 160 Train Loss: 0.0302 Val Loss: 3.38 Val Accuracy: 0.375
Task: 3 Iter: 170 Train Loss: 0.0294 Val Loss: 3.4 Val Accuracy: 0.375
Task: 3 Iter: 180 Train Loss: 0.0268 Val Loss: 3.42 Val Accuracy: 0.375
Task: 3 Iter: 190 Train Loss: 0.026 Val Loss: 3.44 Val Accuracy: 0.375
Task: 3 Iter: 200 Train Loss: 0.0241 Val Loss: 3.45 Val Accuracy: 0.374
Task: 3 Iter: 210 Train Loss: 0.0233 Val Loss: 3.47 Val Accuracy: 0.375
Task: 3 Iter: 220 Train Loss: 0.0217 Val Loss: 3.48 Val Accuracy: 0.375
Task: 3 Iter: 230 Train Loss: 0.0206 Val Loss: 3.5 Val Accuracy: 0.375
Task: 3 Iter: 240 Train Loss: 0.0195 Val Loss: 3.51 Val Accuracy: 0.375
Task: 3 Iter: 250 Train Loss: 0.0195 Val Loss: 3.52 Val Accuracy: 0.375
Task: 3 Iter: 260 Train Loss: 0.0177 Val Loss: 3.53 Val Accuracy: 0.375
Task: 3 Iter: 270 Train Loss: 0.0164 Val Loss: 3.55 Val Accuracy: 0.375
Task: 3 Iter: 280 Train Loss: 0.0164 Val Loss: 3.56 Val Accuracy: 0.375
Task: 3 Iter: 290 Train Loss: 0.0155 Val Loss: 3.57 Val Accuracy: 0.375
Task: 3 Iter: 300 Train Loss: 0.0143 Val Loss: 3.57 Val Accuracy: 0.375
Task: 3 Iter: 310 Train Loss: 0.0141 Val Loss: 3.58 Val Accuracy: 0.375
Task: 3 Iter: 320 Train Loss: 0.0136 Val Loss: 3.6 Val Accuracy: 0.375
Task: 3 Iter: 330 Train Loss: 0.0134 Val Loss: 3.6 Val Accuracy: 0.375
Task: 3 Iter: 340 Train Loss: 0.0125 Val Loss: 3.61 Val Accuracy: 0.375
Task: 3 Iter: 350 Train Loss: 0.013 Val Loss: 3.62 Val Accuracy: 0.375
Task: 3 Iter: 360 Train Loss: 0.0122 Val Loss: 3.63 Val Accuracy: 0.375
Task: 3 Iter: 370 Train Loss: 0.0118 Val Loss: 3.64 Val Accuracy: 0.375
Task: 3 Iter: 380 Train Loss: 0.0112 Val Loss: 3.65 Val Accuracy: 0.375
Task: 3 Iter: 390 Train Loss: 0.0111 Val Loss: 3.65 Val Accuracy: 0.375
Task: 3 Iter: 400 Train Loss: 0.011 Val Loss: 3.66 Val Accuracy: 0.375
Task: 3 Iter: 410 Train Loss: 0.0104 Val Loss: 3.67 Val Accuracy: 0.375
Task: 3 Iter: 420 Train Loss: 0.0103 Val Loss: 3.67 Val Accuracy: 0.375
Task: 3 Iter: 430 Train Loss: 0.0101 Val Loss: 3.69 Val Accuracy: 0.375
Task: 3 Iter: 440 Train Loss: 0.00958 Val Loss: 3.69 Val Accuracy: 0.375
Task: 3 Iter: 450 Train Loss: 0.00967 Val Loss: 3.7 Val Accuracy: 0.375
Task: 3 Iter: 460 Train Loss: 0.00902 Val Loss: 3.71 Val Accuracy: 0.375
Task: 3 Iter: 470 Train Loss: 0.00968 Val Loss: 3.71 Val Accuracy: 0.375
Task: 3 Iter: 480 Train Loss: 0.00903 Val Loss: 3.71 Val Accuracy: 0.375
Task: 3 Iter: 490 Train Loss: 0.00867 Val Loss: 3.72 Val Accuracy: 0.375
Test Loss: 3.89 Test Accuracy 0.358
Saving results to /home/dm1/shikhar_backup/shikhar/CCMCL/logs/CompositionalBuffer/FashionMNIST...
