2021-09-09 08:53:56.353455: I tensorflow/stream_executor/platform/default/dso_loader.cc:49] Successfully opened dynamic library libcudart.so.10.1
/home/dm1/shikhar_backup/shikhar/CCMCL/Code/run_compositional_buffer_MNIST.py:32: DeprecationWarning: `np.float` is a deprecated alias for the builtin `float`. To silence this warning, use `float` by itself. Doing this will not modify any behavior and is safe. If you specifically wanted the numpy scalar type, use `np.float64` here.
Deprecated in NumPy 1.20; for more details and guidance: https://numpy.org/devdocs/release/1.20.0-notes.html#deprecations
  res_loss = np.zeros((RUNS, len(BUFFER_SIZES)), dtype=np.float)
/home/dm1/shikhar_backup/shikhar/CCMCL/Code/run_compositional_buffer_MNIST.py:33: DeprecationWarning: `np.float` is a deprecated alias for the builtin `float`. To silence this warning, use `float` by itself. Doing this will not modify any behavior and is safe. If you specifically wanted the numpy scalar type, use `np.float64` here.
Deprecated in NumPy 1.20; for more details and guidance: https://numpy.org/devdocs/release/1.20.0-notes.html#deprecations
  res_acc = np.zeros((RUNS, len(BUFFER_SIZES)), dtype=np.float)
2021-09-09 08:56:43.358750: I tensorflow/compiler/jit/xla_cpu_device.cc:41] Not creating XLA devices, tf_xla_enable_xla_devices not set
2021-09-09 08:56:43.363824: I tensorflow/stream_executor/platform/default/dso_loader.cc:49] Successfully opened dynamic library libcuda.so.1
2021-09-09 08:56:43.803323: I tensorflow/core/common_runtime/gpu/gpu_device.cc:1720] Found device 0 with properties: 
pciBusID: 0000:06:00.0 name: Tesla V100-SXM2-32GB computeCapability: 7.0
coreClock: 1.53GHz coreCount: 80 deviceMemorySize: 31.75GiB deviceMemoryBandwidth: 836.37GiB/s
2021-09-09 08:56:43.805297: I tensorflow/core/common_runtime/gpu/gpu_device.cc:1720] Found device 1 with properties: 
pciBusID: 0000:07:00.0 name: Tesla V100-SXM2-32GB computeCapability: 7.0
coreClock: 1.53GHz coreCount: 80 deviceMemorySize: 31.75GiB deviceMemoryBandwidth: 836.37GiB/s
2021-09-09 08:56:43.807240: I tensorflow/core/common_runtime/gpu/gpu_device.cc:1720] Found device 2 with properties: 
pciBusID: 0000:0a:00.0 name: Tesla V100-SXM2-32GB computeCapability: 7.0
coreClock: 1.53GHz coreCount: 80 deviceMemorySize: 31.75GiB deviceMemoryBandwidth: 836.37GiB/s
2021-09-09 08:56:43.809206: I tensorflow/core/common_runtime/gpu/gpu_device.cc:1720] Found device 3 with properties: 
pciBusID: 0000:0b:00.0 name: Tesla V100-SXM2-32GB computeCapability: 7.0
coreClock: 1.53GHz coreCount: 80 deviceMemorySize: 31.75GiB deviceMemoryBandwidth: 836.37GiB/s
2021-09-09 08:56:43.811153: I tensorflow/core/common_runtime/gpu/gpu_device.cc:1720] Found device 4 with properties: 
pciBusID: 0000:85:00.0 name: Tesla V100-SXM2-32GB computeCapability: 7.0
coreClock: 1.53GHz coreCount: 80 deviceMemorySize: 31.75GiB deviceMemoryBandwidth: 836.37GiB/s
2021-09-09 08:56:43.813082: I tensorflow/core/common_runtime/gpu/gpu_device.cc:1720] Found device 5 with properties: 
pciBusID: 0000:86:00.0 name: Tesla V100-SXM2-32GB computeCapability: 7.0
coreClock: 1.53GHz coreCount: 80 deviceMemorySize: 31.75GiB deviceMemoryBandwidth: 836.37GiB/s
2021-09-09 08:56:43.815008: I tensorflow/core/common_runtime/gpu/gpu_device.cc:1720] Found device 6 with properties: 
pciBusID: 0000:89:00.0 name: Tesla V100-SXM2-32GB computeCapability: 7.0
coreClock: 1.53GHz coreCount: 80 deviceMemorySize: 31.75GiB deviceMemoryBandwidth: 836.37GiB/s
2021-09-09 08:56:43.816930: I tensorflow/core/common_runtime/gpu/gpu_device.cc:1720] Found device 7 with properties: 
pciBusID: 0000:8a:00.0 name: Tesla V100-SXM2-32GB computeCapability: 7.0
coreClock: 1.53GHz coreCount: 80 deviceMemorySize: 31.75GiB deviceMemoryBandwidth: 836.37GiB/s
2021-09-09 08:56:43.816952: I tensorflow/stream_executor/platform/default/dso_loader.cc:49] Successfully opened dynamic library libcudart.so.10.1
2021-09-09 08:56:44.108355: I tensorflow/stream_executor/platform/default/dso_loader.cc:49] Successfully opened dynamic library libcublas.so.10
2021-09-09 08:56:44.108463: I tensorflow/stream_executor/platform/default/dso_loader.cc:49] Successfully opened dynamic library libcublasLt.so.10
2021-09-09 08:56:44.379080: I tensorflow/stream_executor/platform/default/dso_loader.cc:49] Successfully opened dynamic library libcufft.so.10
2021-09-09 08:56:44.652591: I tensorflow/stream_executor/platform/default/dso_loader.cc:49] Successfully opened dynamic library libcurand.so.10
2021-09-09 08:56:44.980974: I tensorflow/stream_executor/platform/default/dso_loader.cc:49] Successfully opened dynamic library libcusolver.so.10
2021-09-09 08:56:45.228545: I tensorflow/stream_executor/platform/default/dso_loader.cc:49] Successfully opened dynamic library libcusparse.so.10
2021-09-09 08:56:45.471830: I tensorflow/stream_executor/platform/default/dso_loader.cc:49] Successfully opened dynamic library libcudnn.so.7
2021-09-09 08:56:45.516788: I tensorflow/core/common_runtime/gpu/gpu_device.cc:1862] Adding visible gpu devices: 0, 1, 2, 3, 4, 5, 6, 7
2021-09-09 08:56:45.517248: I tensorflow/core/platform/cpu_feature_guard.cc:142] This TensorFlow binary is optimized with oneAPI Deep Neural Network Library (oneDNN) to use the following CPU instructions in performance-critical operations:  SSE4.1 SSE4.2 AVX AVX2 FMA
To enable them in other operations, rebuild TensorFlow with the appropriate compiler flags.
2021-09-09 08:56:47.080361: I tensorflow/core/common_runtime/gpu/gpu_device.cc:1720] Found device 0 with properties: 
pciBusID: 0000:06:00.0 name: Tesla V100-SXM2-32GB computeCapability: 7.0
coreClock: 1.53GHz coreCount: 80 deviceMemorySize: 31.75GiB deviceMemoryBandwidth: 836.37GiB/s
2021-09-09 08:56:47.083248: I tensorflow/core/common_runtime/gpu/gpu_device.cc:1720] Found device 1 with properties: 
pciBusID: 0000:07:00.0 name: Tesla V100-SXM2-32GB computeCapability: 7.0
coreClock: 1.53GHz coreCount: 80 deviceMemorySize: 31.75GiB deviceMemoryBandwidth: 836.37GiB/s
2021-09-09 08:56:47.086134: I tensorflow/core/common_runtime/gpu/gpu_device.cc:1720] Found device 2 with properties: 
pciBusID: 0000:0a:00.0 name: Tesla V100-SXM2-32GB computeCapability: 7.0
coreClock: 1.53GHz coreCount: 80 deviceMemorySize: 31.75GiB deviceMemoryBandwidth: 836.37GiB/s
2021-09-09 08:56:47.088965: I tensorflow/core/common_runtime/gpu/gpu_device.cc:1720] Found device 3 with properties: 
pciBusID: 0000:0b:00.0 name: Tesla V100-SXM2-32GB computeCapability: 7.0
coreClock: 1.53GHz coreCount: 80 deviceMemorySize: 31.75GiB deviceMemoryBandwidth: 836.37GiB/s
2021-09-09 08:56:47.091794: I tensorflow/core/common_runtime/gpu/gpu_device.cc:1720] Found device 4 with properties: 
pciBusID: 0000:85:00.0 name: Tesla V100-SXM2-32GB computeCapability: 7.0
coreClock: 1.53GHz coreCount: 80 deviceMemorySize: 31.75GiB deviceMemoryBandwidth: 836.37GiB/s
2021-09-09 08:56:47.094599: I tensorflow/core/common_runtime/gpu/gpu_device.cc:1720] Found device 5 with properties: 
pciBusID: 0000:86:00.0 name: Tesla V100-SXM2-32GB computeCapability: 7.0
coreClock: 1.53GHz coreCount: 80 deviceMemorySize: 31.75GiB deviceMemoryBandwidth: 836.37GiB/s
2021-09-09 08:56:47.097442: I tensorflow/core/common_runtime/gpu/gpu_device.cc:1720] Found device 6 with properties: 
pciBusID: 0000:89:00.0 name: Tesla V100-SXM2-32GB computeCapability: 7.0
coreClock: 1.53GHz coreCount: 80 deviceMemorySize: 31.75GiB deviceMemoryBandwidth: 836.37GiB/s
2021-09-09 08:56:47.100265: I tensorflow/core/common_runtime/gpu/gpu_device.cc:1720] Found device 7 with properties: 
pciBusID: 0000:8a:00.0 name: Tesla V100-SXM2-32GB computeCapability: 7.0
coreClock: 1.53GHz coreCount: 80 deviceMemorySize: 31.75GiB deviceMemoryBandwidth: 836.37GiB/s
2021-09-09 08:56:47.100302: I tensorflow/stream_executor/platform/default/dso_loader.cc:49] Successfully opened dynamic library libcudart.so.10.1
2021-09-09 08:56:47.100342: I tensorflow/stream_executor/platform/default/dso_loader.cc:49] Successfully opened dynamic library libcublas.so.10
2021-09-09 08:56:47.100360: I tensorflow/stream_executor/platform/default/dso_loader.cc:49] Successfully opened dynamic library libcublasLt.so.10
2021-09-09 08:56:47.100377: I tensorflow/stream_executor/platform/default/dso_loader.cc:49] Successfully opened dynamic library libcufft.so.10
2021-09-09 08:56:47.100401: I tensorflow/stream_executor/platform/default/dso_loader.cc:49] Successfully opened dynamic library libcurand.so.10
2021-09-09 08:56:47.100418: I tensorflow/stream_executor/platform/default/dso_loader.cc:49] Successfully opened dynamic library libcusolver.so.10
2021-09-09 08:56:47.100434: I tensorflow/stream_executor/platform/default/dso_loader.cc:49] Successfully opened dynamic library libcusparse.so.10
2021-09-09 08:56:47.100450: I tensorflow/stream_executor/platform/default/dso_loader.cc:49] Successfully opened dynamic library libcudnn.so.7
2021-09-09 08:56:47.139794: I tensorflow/core/common_runtime/gpu/gpu_device.cc:1862] Adding visible gpu devices: 0, 1, 2, 3, 4, 5, 6, 7
2021-09-09 08:56:47.139833: I tensorflow/stream_executor/platform/default/dso_loader.cc:49] Successfully opened dynamic library libcudart.so.10.1
2021-09-09 08:56:52.320805: I tensorflow/core/common_runtime/gpu/gpu_device.cc:1261] Device interconnect StreamExecutor with strength 1 edge matrix:
2021-09-09 08:56:52.322521: I tensorflow/core/common_runtime/gpu/gpu_device.cc:1267]      0 1 2 3 4 5 6 7 
2021-09-09 08:56:52.322575: I tensorflow/core/common_runtime/gpu/gpu_device.cc:1280] 0:   N Y Y Y Y N N N 
2021-09-09 08:56:52.322592: I tensorflow/core/common_runtime/gpu/gpu_device.cc:1280] 1:   Y N Y Y N Y N N 
2021-09-09 08:56:52.322606: I tensorflow/core/common_runtime/gpu/gpu_device.cc:1280] 2:   Y Y N Y N N Y N 
2021-09-09 08:56:52.322619: I tensorflow/core/common_runtime/gpu/gpu_device.cc:1280] 3:   Y Y Y N N N N Y 
2021-09-09 08:56:52.322632: I tensorflow/core/common_runtime/gpu/gpu_device.cc:1280] 4:   Y N N N N Y Y Y 
2021-09-09 08:56:52.322645: I tensorflow/core/common_runtime/gpu/gpu_device.cc:1280] 5:   N Y N N Y N Y Y 
2021-09-09 08:56:52.322658: I tensorflow/core/common_runtime/gpu/gpu_device.cc:1280] 6:   N N Y N Y Y N Y 
2021-09-09 08:56:52.322687: I tensorflow/core/common_runtime/gpu/gpu_device.cc:1280] 7:   N N N Y Y Y Y N 
2021-09-09 08:56:52.345910: I tensorflow/core/common_runtime/gpu/gpu_device.cc:1406] Created TensorFlow device (/job:localhost/replica:0/task:0/device:GPU:0 with 30130 MB memory) -> physical GPU (device: 0, name: Tesla V100-SXM2-32GB, pci bus id: 0000:06:00.0, compute capability: 7.0)
2021-09-09 08:56:52.350724: I tensorflow/core/common_runtime/gpu/gpu_device.cc:1406] Created TensorFlow device (/job:localhost/replica:0/task:0/device:GPU:1 with 30130 MB memory) -> physical GPU (device: 1, name: Tesla V100-SXM2-32GB, pci bus id: 0000:07:00.0, compute capability: 7.0)
2021-09-09 08:56:52.355691: I tensorflow/core/common_runtime/gpu/gpu_device.cc:1406] Created TensorFlow device (/job:localhost/replica:0/task:0/device:GPU:2 with 30130 MB memory) -> physical GPU (device: 2, name: Tesla V100-SXM2-32GB, pci bus id: 0000:0a:00.0, compute capability: 7.0)
2021-09-09 08:56:52.362013: I tensorflow/core/common_runtime/gpu/gpu_device.cc:1406] Created TensorFlow device (/job:localhost/replica:0/task:0/device:GPU:3 with 30130 MB memory) -> physical GPU (device: 3, name: Tesla V100-SXM2-32GB, pci bus id: 0000:0b:00.0, compute capability: 7.0)
2021-09-09 08:56:52.367480: I tensorflow/core/common_runtime/gpu/gpu_device.cc:1406] Created TensorFlow device (/job:localhost/replica:0/task:0/device:GPU:4 with 30130 MB memory) -> physical GPU (device: 4, name: Tesla V100-SXM2-32GB, pci bus id: 0000:85:00.0, compute capability: 7.0)
2021-09-09 08:56:52.371932: I tensorflow/core/common_runtime/gpu/gpu_device.cc:1406] Created TensorFlow device (/job:localhost/replica:0/task:0/device:GPU:5 with 30130 MB memory) -> physical GPU (device: 5, name: Tesla V100-SXM2-32GB, pci bus id: 0000:86:00.0, compute capability: 7.0)
2021-09-09 08:56:52.376379: I tensorflow/core/common_runtime/gpu/gpu_device.cc:1406] Created TensorFlow device (/job:localhost/replica:0/task:0/device:GPU:6 with 30130 MB memory) -> physical GPU (device: 6, name: Tesla V100-SXM2-32GB, pci bus id: 0000:89:00.0, compute capability: 7.0)
2021-09-09 08:56:52.380812: I tensorflow/core/common_runtime/gpu/gpu_device.cc:1406] Created TensorFlow device (/job:localhost/replica:0/task:0/device:GPU:7 with 30130 MB memory) -> physical GPU (device: 7, name: Tesla V100-SXM2-32GB, pci bus id: 0000:8a:00.0, compute capability: 7.0)
2021-09-09 08:56:52.381461: I tensorflow/compiler/jit/xla_gpu_device.cc:99] Not creating XLA devices, tf_xla_enable_xla_devices not set
WARNING:tensorflow:AutoGraph could not transform <bound method GroupNormalization.call of <tensorflow_addons.layers.normalizations.InstanceNormalization object at 0x7f32d365f9d0>> and will run it as-is.
Please report this to the TensorFlow team. When filing the bug, set the verbosity to 10 (on Linux, `export AUTOGRAPH_VERBOSITY=10`) and attach the full output.
Cause: module 'gast' has no attribute 'Index'
To silence this warning, decorate the function with @tf.autograph.experimental.do_not_convert
WARNING:tensorflow:AutoGraph could not transform <function standardize at 0x7f32d46c2940> and will run it as-is.
Please report this to the TensorFlow team. When filing the bug, set the verbosity to 10 (on Linux, `export AUTOGRAPH_VERBOSITY=10`) and attach the full output.
Cause: module 'gast' has no attribute 'Index'
To silence this warning, decorate the function with @tf.autograph.experimental.do_not_convert
WARNING:tensorflow:AutoGraph could not transform <function standardize at 0x7f32d46c2940> and will run it as-is.
Please report this to the TensorFlow team. When filing the bug, set the verbosity to 10 (on Linux, `export AUTOGRAPH_VERBOSITY=10`) and attach the full output.
Cause: module 'gast' has no attribute 'Index'
To silence this warning, decorate the function with @tf.autograph.experimental.do_not_convert
WARNING:tensorflow:AutoGraph could not transform <bound method DataSet.filter_fn of <datasets.SplitMNIST object at 0x7f32c026bbe0>> and will run it as-is.
Please report this to the TensorFlow team. When filing the bug, set the verbosity to 10 (on Linux, `export AUTOGRAPH_VERBOSITY=10`) and attach the full output.
Cause: module 'gast' has no attribute 'Index'
To silence this warning, decorate the function with @tf.autograph.experimental.do_not_convert
WARNING:tensorflow:AutoGraph could not transform <bound method DataSet.filter_fn of <datasets.SplitMNIST object at 0x7f32c026bbe0>> and will run it as-is.
Please report this to the TensorFlow team. When filing the bug, set the verbosity to 10 (on Linux, `export AUTOGRAPH_VERBOSITY=10`) and attach the full output.
Cause: module 'gast' has no attribute 'Index'
To silence this warning, decorate the function with @tf.autograph.experimental.do_not_convert
2021-09-09 08:56:53.704133: I tensorflow/compiler/mlir/mlir_graph_optimization_pass.cc:116] None of the MLIR optimization passes are enabled (registered 2)
2021-09-09 08:56:53.704855: I tensorflow/core/platform/profile_utils/cpu_utils.cc:112] CPU Frequency: 2195000000 Hz
2021-09-09 08:56:59.935958: I tensorflow/stream_executor/platform/default/dso_loader.cc:49] Successfully opened dynamic library libcublas.so.10
2021-09-09 08:57:00.344978: I tensorflow/stream_executor/platform/default/dso_loader.cc:49] Successfully opened dynamic library libcudnn.so.7
2021-09-09 08:57:02.987261: W tensorflow/stream_executor/gpu/asm_compiler.cc:63] Running ptxas --version returned 256
2021-09-09 08:57:03.240500: W tensorflow/stream_executor/gpu/redzone_allocator.cc:314] Internal: ptxas exited with non-zero error code 256, output: 
Relying on driver to perform ptx compilation. 
Modify $PATH to customize ptxas location.
This message will be only logged once.
slurmstepd: error: *** JOB 212385 ON dgx-r95-3 CANCELLED AT 2021-09-10T14:16:02 ***
